2016-09-29 11:33:39 Error: Fatal Error (64): Cannot redeclare class App in [/vagrant/vendors/cakephp/cakephp/lib/Cake/Core/App.php, line 65]
2016-09-29 11:33:39 Error: [FatalErrorException] Cannot redeclare class App
Stack Trace:
#0 /vagrant/vendors/cakephp/cakephp/lib/Cake/Error/ErrorHandler.php(213): ErrorHandler::handleFatalError(64, 'Cannot redeclar...', '/vagrant/vendor...', 65)
#1 [internal function]: ErrorHandler::handleError(64, 'Cannot redeclar...', '/vagrant/vendor...', 65, Array)
#2 /vagrant/vendors/cakephp/cakephp/lib/Cake/Core/App.php(970): call_user_func('ErrorHandler::h...', 64, 'Cannot redeclar...', '/vagrant/vendor...', 65, Array)
#3 /vagrant/vendors/cakephp/cakephp/lib/Cake/Core/App.php(943): App::_checkFatalError()
#4 [internal function]: App::shutdown()
#5 {main}
2016-09-29 11:35:54 Error: Fatal Error (64): Cannot redeclare class App in [/vagrant/vendors/cakephp/cakephp/lib/Cake/Core/App.php, line 65]
2016-09-29 11:35:54 Error: [FatalErrorException] Cannot redeclare class App
Stack Trace:
#0 /vagrant/vendors/cakephp/cakephp/lib/Cake/Error/ErrorHandler.php(213): ErrorHandler::handleFatalError(64, 'Cannot redeclar...', '/vagrant/vendor...', 65)
#1 [internal function]: ErrorHandler::handleError(64, 'Cannot redeclar...', '/vagrant/vendor...', 65, Array)
#2 /vagrant/vendors/cakephp/cakephp/lib/Cake/Core/App.php(970): call_user_func('ErrorHandler::h...', 64, 'Cannot redeclar...', '/vagrant/vendor...', 65, Array)
#3 /vagrant/vendors/cakephp/cakephp/lib/Cake/Core/App.php(943): App::_checkFatalError()
#4 [internal function]: App::shutdown()
#5 {main}
2016-09-29 15:01:30 Error: Fatal Error (64): Cannot redeclare AppController::$components in [/vagrant/lam/admin/Controller/AppController.php, line 49]
2016-09-29 15:01:30 Error: [FatalErrorException] Cannot redeclare AppController::$components
Request URL: /lamAdmin/Top
Stack Trace:
#0 /vagrant/lam/vendors/cakephp/cakephp/lib/Cake/Error/ErrorHandler.php(213): ErrorHandler::handleFatalError(64, 'Cannot redeclar...', '/vagrant/lam/ad...', 49)
#1 [internal function]: ErrorHandler::handleError(64, 'Cannot redeclar...', '/vagrant/lam/ad...', 49, Array)
#2 /vagrant/lam/vendors/cakephp/cakephp/lib/Cake/Core/App.php(970): call_user_func('ErrorHandler::h...', 64, 'Cannot redeclar...', '/vagrant/lam/ad...', 49, Array)
#3 /vagrant/lam/vendors/cakephp/cakephp/lib/Cake/Core/App.php(943): App::_checkFatalError()
#4 [internal function]: App::shutdown()
#5 {main}
2016-09-29 15:02:57 Error: [MissingControllerException] Controller class UsersController could not be found.
Exception Attributes: array (
  'class' => 'UsersController',
  'plugin' => NULL,
)
Request URL: /lamAdmin/users/login
Stack Trace:
#0 /vagrant/lam/admin/webroot/index.php(112): Dispatcher->dispatch(Object(CakeRequest), Object(CakeResponse))
#1 {main}
2016-09-29 15:03:26 Error: [MissingControllerException] Controller class UsersController could not be found.
Exception Attributes: array (
  'class' => 'UsersController',
  'plugin' => NULL,
)
Request URL: /lamAdmin/users/login
Stack Trace:
#0 /vagrant/lam/admin/webroot/index.php(112): Dispatcher->dispatch(Object(CakeRequest), Object(CakeResponse))
#1 {main}
2016-09-29 15:03:43 Error: [MissingControllerException] Controller class UsersController could not be found.
Exception Attributes: array (
  'class' => 'UsersController',
  'plugin' => NULL,
)
Request URL: /lamAdmin/users/login
Stack Trace:
#0 /vagrant/lam/admin/webroot/index.php(112): Dispatcher->dispatch(Object(CakeRequest), Object(CakeResponse))
#1 {main}
2016-09-29 15:05:16 Error: [MissingControllerException] Controller class UsersController could not be found.
Exception Attributes: array (
  'class' => 'UsersController',
  'plugin' => NULL,
)
Request URL: /lamAdmin/users/login
Stack Trace:
#0 /vagrant/lam/admin/webroot/index.php(112): Dispatcher->dispatch(Object(CakeRequest), Object(CakeResponse))
#1 {main}
2016-09-29 15:06:17 Error: [MissingControllerException] Controller class UsersController could not be found.
Exception Attributes: array (
  'class' => 'UsersController',
  'plugin' => NULL,
)
Request URL: /lamAdmin/users/login
Stack Trace:
#0 /vagrant/lam/admin/webroot/index.php(112): Dispatcher->dispatch(Object(CakeRequest), Object(CakeResponse))
#1 {main}
2016-09-29 15:06:23 Error: [MissingControllerException] Controller class UsersController could not be found.
Exception Attributes: array (
  'class' => 'UsersController',
  'plugin' => NULL,
)
Request URL: /lamAdmin/users/login
Stack Trace:
#0 /vagrant/lam/admin/webroot/index.php(112): Dispatcher->dispatch(Object(CakeRequest), Object(CakeResponse))
#1 {main}
2016-09-29 15:06:39 Error: [MissingControllerException] Controller class UsersController could not be found.
Exception Attributes: array (
  'class' => 'UsersController',
  'plugin' => NULL,
)
Request URL: /lamAdmin/users/login
Stack Trace:
#0 /vagrant/lam/admin/webroot/index.php(112): Dispatcher->dispatch(Object(CakeRequest), Object(CakeResponse))
#1 {main}
2016-09-29 15:07:42 Error: [MissingControllerException] Controller class UsersController could not be found.
Exception Attributes: array (
  'class' => 'UsersController',
  'plugin' => NULL,
)
Request URL: /lamAdmin/users/login
Stack Trace:
#0 /vagrant/lam/admin/webroot/index.php(112): Dispatcher->dispatch(Object(CakeRequest), Object(CakeResponse))
#1 {main}
2016-09-29 15:08:42 Error: [MissingControllerException] Controller class UsersController could not be found.
Exception Attributes: array (
  'class' => 'UsersController',
  'plugin' => NULL,
)
Request URL: /lamAdmin/users/login
Stack Trace:
#0 /vagrant/lam/admin/webroot/index.php(112): Dispatcher->dispatch(Object(CakeRequest), Object(CakeResponse))
#1 {main}
2016-09-29 15:08:57 Error: [MissingControllerException] Controller class UsersController could not be found.
Exception Attributes: array (
  'class' => 'UsersController',
  'plugin' => NULL,
)
Request URL: /lamAdmin/users/login
Stack Trace:
#0 /vagrant/lam/admin/webroot/index.php(112): Dispatcher->dispatch(Object(CakeRequest), Object(CakeResponse))
#1 {main}
2016-09-29 15:10:53 Error: [MissingViewException] View file "Top/index.ctp" is missing.
Exception Attributes: array (
  'file' => 'Top/index.ctp',
)
Request URL: /lamAdmin/Top
Stack Trace:
#0 /vagrant/lam/vendors/cakephp/cakephp/lib/Cake/View/View.php(470): View->_getViewFileName('index')
#1 /vagrant/lam/vendors/cakephp/cakephp/lib/Cake/Controller/Controller.php(963): View->render('index', NULL)
#2 /vagrant/lam/admin/Controller/TopController.php(27): Controller->render('index')
#3 [internal function]: TopController->index()
#4 /vagrant/lam/vendors/cakephp/cakephp/lib/Cake/Controller/Controller.php(491): ReflectionMethod->invokeArgs(Object(TopController), Array)
#5 /vagrant/lam/vendors/cakephp/cakephp/lib/Cake/Routing/Dispatcher.php(193): Controller->invokeAction(Object(CakeRequest))
#6 /vagrant/lam/vendors/cakephp/cakephp/lib/Cake/Routing/Dispatcher.php(167): Dispatcher->_invoke(Object(TopController), Object(CakeRequest))
#7 /vagrant/lam/admin/webroot/index.php(112): Dispatcher->dispatch(Object(CakeRequest), Object(CakeResponse))
#8 {main}
2016-09-29 15:10:57 Error: [MissingViewException] View file "Top/index.ctp" is missing.
Exception Attributes: array (
  'file' => 'Top/index.ctp',
)
Request URL: /lamAdmin/top
Stack Trace:
#0 /vagrant/lam/vendors/cakephp/cakephp/lib/Cake/View/View.php(470): View->_getViewFileName('index')
#1 /vagrant/lam/vendors/cakephp/cakephp/lib/Cake/Controller/Controller.php(963): View->render('index', NULL)
#2 /vagrant/lam/admin/Controller/TopController.php(27): Controller->render('index')
#3 [internal function]: TopController->index()
#4 /vagrant/lam/vendors/cakephp/cakephp/lib/Cake/Controller/Controller.php(491): ReflectionMethod->invokeArgs(Object(TopController), Array)
#5 /vagrant/lam/vendors/cakephp/cakephp/lib/Cake/Routing/Dispatcher.php(193): Controller->invokeAction(Object(CakeRequest))
#6 /vagrant/lam/vendors/cakephp/cakephp/lib/Cake/Routing/Dispatcher.php(167): Dispatcher->_invoke(Object(TopController), Object(CakeRequest))
#7 /vagrant/lam/admin/webroot/index.php(112): Dispatcher->dispatch(Object(CakeRequest), Object(CakeResponse))
#8 {main}
2016-09-29 15:17:03 Error: [MissingControllerException] Controller class CssController could not be found.
Exception Attributes: array (
  'class' => 'CssController',
  'plugin' => NULL,
)
Request URL: /lamAdmin/css/bootstrap.css
Stack Trace:
#0 /vagrant/lam/admin/webroot/index.php(112): Dispatcher->dispatch(Object(CakeRequest), Object(CakeResponse))
#1 {main}
2016-09-29 15:20:12 Error: [MissingControllerException] Controller class UsersController could not be found.
Exception Attributes: array (
  'class' => 'UsersController',
  'plugin' => NULL,
)
Request URL: /lamAdmin/users/login
Stack Trace:
#0 /vagrant/lam/admin/webroot/index.php(112): Dispatcher->dispatch(Object(CakeRequest), Object(CakeResponse))
#1 {main}
2016-09-29 15:20:51 Error: [MissingControllerException] Controller class UsersController could not be found.
Exception Attributes: array (
  'class' => 'UsersController',
  'plugin' => NULL,
)
Request URL: /lamAdmin/users/login
Stack Trace:
#0 /vagrant/lam/admin/webroot/index.php(112): Dispatcher->dispatch(Object(CakeRequest), Object(CakeResponse))
#1 {main}
2016-09-29 15:20:59 Error: [MissingControllerException] Controller class UsersController could not be found.
Exception Attributes: array (
  'class' => 'UsersController',
  'plugin' => NULL,
)
Request URL: /lamAdmin/users/login
Stack Trace:
#0 /vagrant/lam/admin/webroot/index.php(112): Dispatcher->dispatch(Object(CakeRequest), Object(CakeResponse))
#1 {main}
2016-09-29 15:23:40 Error: [MissingControllerException] Controller class UsersController could not be found.
Exception Attributes: array (
  'class' => 'UsersController',
  'plugin' => NULL,
)
Request URL: /lamAdmin/users/login
Stack Trace:
#0 /vagrant/lam/admin/webroot/index.php(112): Dispatcher->dispatch(Object(CakeRequest), Object(CakeResponse))
#1 {main}
2016-09-29 15:25:28 Error: [MissingControllerException] Controller class UsersController could not be found.
Exception Attributes: array (
  'class' => 'UsersController',
  'plugin' => NULL,
)
Request URL: /lamAdmin/users/login
Stack Trace:
#0 /vagrant/lam/admin/webroot/index.php(112): Dispatcher->dispatch(Object(CakeRequest), Object(CakeResponse))
#1 {main}
2016-09-29 15:25:40 Error: Fatal Error (4): syntax error, unexpected ')', expecting variable (T_VARIABLE) in [/vagrant/lam/admin/Controller/AppController.php, line 45]
2016-09-29 15:25:40 Error: [FatalErrorException] syntax error, unexpected ')', expecting variable (T_VARIABLE)
Request URL: /lamAdmin/top
Stack Trace:
#0 /vagrant/lam/vendors/cakephp/cakephp/lib/Cake/Error/ErrorHandler.php(213): ErrorHandler::handleFatalError(4, 'syntax error, u...', '/vagrant/lam/ad...', 45)
#1 [internal function]: ErrorHandler::handleError(4, 'syntax error, u...', '/vagrant/lam/ad...', 45, Array)
#2 /vagrant/lam/vendors/cakephp/cakephp/lib/Cake/Core/App.php(970): call_user_func('ErrorHandler::h...', 4, 'syntax error, u...', '/vagrant/lam/ad...', 45, Array)
#3 /vagrant/lam/vendors/cakephp/cakephp/lib/Cake/Core/App.php(943): App::_checkFatalError()
#4 [internal function]: App::shutdown()
#5 {main}
2016-09-29 15:26:00 Error: Fatal Error (4): syntax error, unexpected ')', expecting variable (T_VARIABLE) in [/vagrant/lam/admin/Controller/AppController.php, line 45]
2016-09-29 15:26:00 Error: [FatalErrorException] syntax error, unexpected ')', expecting variable (T_VARIABLE)
Request URL: /lamAdmin/top
Stack Trace:
#0 /vagrant/lam/vendors/cakephp/cakephp/lib/Cake/Error/ErrorHandler.php(213): ErrorHandler::handleFatalError(4, 'syntax error, u...', '/vagrant/lam/ad...', 45)
#1 [internal function]: ErrorHandler::handleError(4, 'syntax error, u...', '/vagrant/lam/ad...', 45, Array)
#2 /vagrant/lam/vendors/cakephp/cakephp/lib/Cake/Core/App.php(970): call_user_func('ErrorHandler::h...', 4, 'syntax error, u...', '/vagrant/lam/ad...', 45, Array)
#3 /vagrant/lam/vendors/cakephp/cakephp/lib/Cake/Core/App.php(943): App::_checkFatalError()
#4 [internal function]: App::shutdown()
#5 {main}
2016-09-29 15:33:36 Error: [MissingControllerException] Controller class DataChaptersController could not be found.
Exception Attributes: array (
  'class' => 'DataChaptersController',
  'plugin' => NULL,
)
Request URL: /lamAdmin/DataChapters
Stack Trace:
#0 /vagrant/lam/admin/webroot/index.php(112): Dispatcher->dispatch(Object(CakeRequest), Object(CakeResponse))
#1 {main}
2016-09-29 15:34:41 Error: [MissingComponentException] Component class FileProcessorComponent could not be found.
Exception Attributes: array (
  'class' => 'FileProcessorComponent',
  'plugin' => false,
)
Request URL: /lamAdmin/DataChapters
Stack Trace:
#0 /vagrant/lam/vendors/cakephp/cakephp/lib/Cake/Controller/ComponentCollection.php(53): ComponentCollection->load('FileProcessor', Array)
#1 /vagrant/lam/vendors/cakephp/cakephp/lib/Cake/Controller/Controller.php(644): ComponentCollection->init(Object(DataChaptersController))
#2 /vagrant/lam/vendors/cakephp/cakephp/lib/Cake/Routing/Dispatcher.php(188): Controller->constructClasses()
#3 /vagrant/lam/vendors/cakephp/cakephp/lib/Cake/Routing/Dispatcher.php(167): Dispatcher->_invoke(Object(DataChaptersController), Object(CakeRequest))
#4 /vagrant/lam/admin/webroot/index.php(112): Dispatcher->dispatch(Object(CakeRequest), Object(CakeResponse))
#5 {main}
2016-09-29 15:36:22 Error: [BadRequestException] The request has been black-holed
Request URL: /lamAdmin/DataChapters
Stack Trace:
#0 /vagrant/lam/vendors/cakephp/cakephp/lib/Cake/Controller/Component/SecurityComponent.php(240): SecurityComponent->blackHole(Object(DataChaptersController), 'auth')
#1 [internal function]: SecurityComponent->startup(Object(DataChaptersController))
#2 /vagrant/lam/vendors/cakephp/cakephp/lib/Cake/Utility/ObjectCollection.php(128): call_user_func_array(Array, Array)
#3 [internal function]: ObjectCollection->trigger(Object(CakeEvent))
#4 /vagrant/lam/vendors/cakephp/cakephp/lib/Cake/Event/CakeEventManager.php(243): call_user_func(Array, Object(CakeEvent))
#5 /vagrant/lam/vendors/cakephp/cakephp/lib/Cake/Controller/Controller.php(678): CakeEventManager->dispatch(Object(CakeEvent))
#6 /vagrant/lam/vendors/cakephp/cakephp/lib/Cake/Routing/Dispatcher.php(189): Controller->startupProcess()
#7 /vagrant/lam/vendors/cakephp/cakephp/lib/Cake/Routing/Dispatcher.php(167): Dispatcher->_invoke(Object(DataChaptersController), Object(CakeRequest))
#8 /vagrant/lam/admin/webroot/index.php(112): Dispatcher->dispatch(Object(CakeRequest), Object(CakeResponse))
#9 {main}
2016-09-29 15:39:51 Error: [BadRequestException] The request has been black-holed
Request URL: /lamAdmin/DataChapters
Stack Trace:
#0 /vagrant/lam/vendors/cakephp/cakephp/lib/Cake/Controller/Component/SecurityComponent.php(240): SecurityComponent->blackHole(Object(DataChaptersController), 'auth')
#1 [internal function]: SecurityComponent->startup(Object(DataChaptersController))
#2 /vagrant/lam/vendors/cakephp/cakephp/lib/Cake/Utility/ObjectCollection.php(128): call_user_func_array(Array, Array)
#3 [internal function]: ObjectCollection->trigger(Object(CakeEvent))
#4 /vagrant/lam/vendors/cakephp/cakephp/lib/Cake/Event/CakeEventManager.php(243): call_user_func(Array, Object(CakeEvent))
#5 /vagrant/lam/vendors/cakephp/cakephp/lib/Cake/Controller/Controller.php(678): CakeEventManager->dispatch(Object(CakeEvent))
#6 /vagrant/lam/vendors/cakephp/cakephp/lib/Cake/Routing/Dispatcher.php(189): Controller->startupProcess()
#7 /vagrant/lam/vendors/cakephp/cakephp/lib/Cake/Routing/Dispatcher.php(167): Dispatcher->_invoke(Object(DataChaptersController), Object(CakeRequest))
#8 /vagrant/lam/admin/webroot/index.php(112): Dispatcher->dispatch(Object(CakeRequest), Object(CakeResponse))
#9 {main}
2016-09-29 15:40:24 Error: [BadRequestException] The request has been black-holed
Request URL: /lamAdmin/DataChapters
Stack Trace:
#0 /vagrant/lam/vendors/cakephp/cakephp/lib/Cake/Controller/Component/SecurityComponent.php(240): SecurityComponent->blackHole(Object(DataChaptersController), 'auth')
#1 [internal function]: SecurityComponent->startup(Object(DataChaptersController))
#2 /vagrant/lam/vendors/cakephp/cakephp/lib/Cake/Utility/ObjectCollection.php(128): call_user_func_array(Array, Array)
#3 [internal function]: ObjectCollection->trigger(Object(CakeEvent))
#4 /vagrant/lam/vendors/cakephp/cakephp/lib/Cake/Event/CakeEventManager.php(243): call_user_func(Array, Object(CakeEvent))
#5 /vagrant/lam/vendors/cakephp/cakephp/lib/Cake/Controller/Controller.php(678): CakeEventManager->dispatch(Object(CakeEvent))
#6 /vagrant/lam/vendors/cakephp/cakephp/lib/Cake/Routing/Dispatcher.php(189): Controller->startupProcess()
#7 /vagrant/lam/vendors/cakephp/cakephp/lib/Cake/Routing/Dispatcher.php(167): Dispatcher->_invoke(Object(DataChaptersController), Object(CakeRequest))
#8 /vagrant/lam/admin/webroot/index.php(112): Dispatcher->dispatch(Object(CakeRequest), Object(CakeResponse))
#9 {main}
